{"D:\\Projects\\finance_tracker_mobile\\src\\core\\config\\index.ts": {"path":"D:\\Projects\\finance_tracker_mobile\\src\\core\\config\\index.ts","statementMap":{"0":{"start":{"line":5,"column":18},"end":{"line":9,"column":null}},"1":{"start":{"line":12,"column":20},"end":{"line":16,"column":null}},"2":{"start":{"line":18,"column":2},"end":{"line":25,"column":null}},"3":{"start":{"line":19,"column":4},"end":{"line":24,"column":null}},"4":{"start":{"line":27,"column":2},"end":{"line":27,"column":null}},"5":{"start":{"line":30,"column":12},"end":{"line":30,"column":null}},"6":{"start":{"line":32,"column":25},"end":{"line":42,"column":null}}},"fnMap":{"0":{"name":"validateEnvironment","decl":{"start":{"line":11,"column":9},"end":{"line":11,"column":31}},"loc":{"start":{"line":11,"column":31},"end":{"line":28,"column":null}},"line":11}},"branchMap":{"0":{"loc":{"start":{"line":18,"column":2},"end":{"line":25,"column":null}},"type":"if","locations":[{"start":{"line":18,"column":2},"end":{"line":25,"column":null}},{"start":{},"end":{}}],"line":18}},"s":{"0":4,"1":4,"2":4,"3":0,"4":4,"5":4,"6":4},"f":{"0":4},"b":{"0":[0,4]},"meta":{"lastBranch":1,"lastFunction":1,"lastStatement":7,"seen":{"s:5:18:9:Infinity":0,"f:11:9:11:31":0,"s:12:20:16:Infinity":1,"b:18:2:25:Infinity:undefined:undefined:undefined:undefined":0,"s:18:2:25:Infinity":2,"s:19:4:24:Infinity":3,"s:27:2:27:Infinity":4,"s:30:12:30:Infinity":5,"s:32:25:42:Infinity":6},"fnNames":{}}}
,"D:\\Projects\\finance_tracker_mobile\\src\\core\\errors\\AppError.ts": {"path":"D:\\Projects\\finance_tracker_mobile\\src\\core\\errors\\AppError.ts","statementMap":{"0":{"start":{"line":16,"column":4},"end":{"line":16,"column":null}},"1":{"start":{"line":18,"column":4},"end":{"line":18,"column":null}},"2":{"start":{"line":19,"column":4},"end":{"line":19,"column":null}},"3":{"start":{"line":20,"column":4},"end":{"line":20,"column":null}},"4":{"start":{"line":21,"column":4},"end":{"line":21,"column":null}},"5":{"start":{"line":22,"column":4},"end":{"line":22,"column":null}},"6":{"start":{"line":24,"column":4},"end":{"line":24,"column":null}},"7":{"start":{"line":25,"column":4},"end":{"line":25,"column":null}}},"fnMap":{"0":{"name":"constructor","decl":{"start":{"line":9,"column":2},"end":{"line":9,"column":null}},"loc":{"start":{"line":15,"column":4},"end":{"line":26,"column":null}},"line":15}},"branchMap":{"0":{"loc":{"start":{"line":16,"column":19},"end":{"line":16,"column":62}},"type":"cond-expr","locations":[{"start":{"line":16,"column":41},"end":{"line":16,"column":53}},{"start":{"line":16,"column":53},"end":{"line":16,"column":62}}],"line":16}},"s":{"0":12,"1":12,"2":12,"3":12,"4":12,"5":12,"6":12,"7":12},"f":{"0":12},"b":{"0":[0,12]},"meta":{"lastBranch":1,"lastFunction":1,"lastStatement":8,"seen":{"f:9:2:9:Infinity":0,"s:16:4:16:Infinity":0,"b:16:41:16:53:16:53:16:62":0,"s:18:4:18:Infinity":1,"s:19:4:19:Infinity":2,"s:20:4:20:Infinity":3,"s:21:4:21:Infinity":4,"s:22:4:22:Infinity":5,"s:24:4:24:Infinity":6,"s:25:4:25:Infinity":7},"fnNames":{}}}
,"D:\\Projects\\finance_tracker_mobile\\src\\core\\errors\\ErrorCategory.ts": {"path":"D:\\Projects\\finance_tracker_mobile\\src\\core\\errors\\ErrorCategory.ts","statementMap":{"0":{"start":{"line":1,"column":7},"end":{"line":9,"column":null}},"1":{"start":{"line":2,"column":2},"end":{"line":2,"column":null}},"2":{"start":{"line":3,"column":2},"end":{"line":3,"column":null}},"3":{"start":{"line":4,"column":2},"end":{"line":4,"column":null}},"4":{"start":{"line":5,"column":2},"end":{"line":5,"column":null}},"5":{"start":{"line":6,"column":2},"end":{"line":6,"column":null}},"6":{"start":{"line":7,"column":2},"end":{"line":7,"column":null}},"7":{"start":{"line":8,"column":2},"end":{"line":8,"column":null}}},"fnMap":{"0":{"name":"(anonymous_0)","decl":{"start":{"line":1,"column":7},"end":{"line":1,"column":12}},"loc":{"start":{"line":1,"column":7},"end":{"line":9,"column":null}},"line":1}},"branchMap":{},"s":{"0":9,"1":9,"2":9,"3":9,"4":9,"5":9,"6":9,"7":9},"f":{"0":9},"b":{},"meta":{"lastBranch":0,"lastFunction":1,"lastStatement":8,"seen":{"s:1:7:9:Infinity":0,"f:1:7:1:12":0,"s:2:2:2:Infinity":1,"s:3:2:3:Infinity":2,"s:4:2:4:Infinity":3,"s:5:2:5:Infinity":4,"s:6:2:6:Infinity":5,"s:7:2:7:Infinity":6,"s:8:2:8:Infinity":7},"fnNames":{}}}
,"D:\\Projects\\finance_tracker_mobile\\src\\database\\client.ts": {"path":"D:\\Projects\\finance_tracker_mobile\\src\\database\\client.ts","statementMap":{"0":{"start":{"line":7,"column":47},"end":{"line":11,"column":null}},"1":{"start":{"line":8,"column":28},"end":{"line":8,"column":null}},"2":{"start":{"line":9,"column":31},"end":{"line":9,"column":null}},"3":{"start":{"line":10,"column":43},"end":{"line":10,"column":null}},"4":{"start":{"line":13,"column":24},"end":{"line":24,"column":null}}},"fnMap":{"0":{"name":"(anonymous_0)","decl":{"start":{"line":8,"column":2},"end":{"line":8,"column":12}},"loc":{"start":{"line":8,"column":28},"end":{"line":8,"column":null}},"line":8},"1":{"name":"(anonymous_1)","decl":{"start":{"line":9,"column":2},"end":{"line":9,"column":15}},"loc":{"start":{"line":9,"column":31},"end":{"line":9,"column":null}},"line":9},"2":{"name":"(anonymous_2)","decl":{"start":{"line":10,"column":2},"end":{"line":10,"column":12}},"loc":{"start":{"line":10,"column":43},"end":{"line":10,"column":null}},"line":10}},"branchMap":{},"s":{"0":4,"1":12,"2":0,"3":0,"4":4},"f":{"0":12,"1":0,"2":0},"b":{},"meta":{"lastBranch":0,"lastFunction":3,"lastStatement":5,"seen":{"s:7:47:11:Infinity":0,"f:8:2:8:12":0,"s:8:28:8:Infinity":1,"f:9:2:9:15":1,"s:9:31:9:Infinity":2,"f:10:2:10:12":2,"s:10:43:10:Infinity":3,"s:13:24:24:Infinity":4},"fnNames":{}}}
,"D:\\Projects\\finance_tracker_mobile\\src\\database\\index.ts": {"path":"D:\\Projects\\finance_tracker_mobile\\src\\database\\index.ts","statementMap":{},"fnMap":{},"branchMap":{},"s":{},"f":{},"b":{},"meta":{"lastBranch":0,"lastFunction":0,"lastStatement":0,"seen":{},"fnNames":{}}}
,"D:\\Projects\\finance_tracker_mobile\\src\\features\\categories\\application\\__tests__\\InMemoryCategoryRepository.ts": {"path":"D:\\Projects\\finance_tracker_mobile\\src\\features\\categories\\application\\__tests__\\InMemoryCategoryRepository.ts","statementMap":{"0":{"start":{"line":6,"column":46},"end":{"line":6,"column":null}},"1":{"start":{"line":7,"column":47},"end":{"line":7,"column":null}},"2":{"start":{"line":10,"column":4},"end":{"line":10,"column":null}},"3":{"start":{"line":14,"column":4},"end":{"line":14,"column":null}},"4":{"start":{"line":18,"column":4},"end":{"line":20,"column":null}},"5":{"start":{"line":19,"column":6},"end":{"line":19,"column":null}},"6":{"start":{"line":21,"column":4},"end":{"line":21,"column":null}},"7":{"start":{"line":25,"column":20},"end":{"line":25,"column":null}},"8":{"start":{"line":26,"column":4},"end":{"line":26,"column":null}},"9":{"start":{"line":26,"column":17},"end":{"line":26,"column":null}},"10":{"start":{"line":28,"column":19},"end":{"line":30,"column":null}},"11":{"start":{"line":29,"column":13},"end":{"line":29,"column":null}},"12":{"start":{"line":31,"column":4},"end":{"line":31,"column":null}},"13":{"start":{"line":35,"column":20},"end":{"line":35,"column":null}},"14":{"start":{"line":36,"column":4},"end":{"line":36,"column":null}},"15":{"start":{"line":36,"column":17},"end":{"line":36,"column":null}},"16":{"start":{"line":38,"column":21},"end":{"line":38,"column":null}},"17":{"start":{"line":39,"column":4},"end":{"line":39,"column":null}},"18":{"start":{"line":43,"column":20},"end":{"line":43,"column":null}},"19":{"start":{"line":44,"column":4},"end":{"line":44,"column":null}},"20":{"start":{"line":44,"column":17},"end":{"line":44,"column":null}},"21":{"start":{"line":46,"column":4},"end":{"line":46,"column":null}},"22":{"start":{"line":50,"column":20},"end":{"line":50,"column":null}},"23":{"start":{"line":51,"column":4},"end":{"line":51,"column":null}},"24":{"start":{"line":51,"column":17},"end":{"line":51,"column":null}},"25":{"start":{"line":53,"column":4},"end":{"line":53,"column":null}},"26":{"start":{"line":54,"column":4},"end":{"line":54,"column":null}},"27":{"start":{"line":58,"column":20},"end":{"line":58,"column":null}},"28":{"start":{"line":59,"column":4},"end":{"line":59,"column":null}},"29":{"start":{"line":59,"column":17},"end":{"line":59,"column":null}},"30":{"start":{"line":61,"column":4},"end":{"line":61,"column":null}},"31":{"start":{"line":62,"column":4},"end":{"line":62,"column":null}},"32":{"start":{"line":66,"column":20},"end":{"line":66,"column":null}},"33":{"start":{"line":67,"column":4},"end":{"line":67,"column":null}},"34":{"start":{"line":67,"column":17},"end":{"line":67,"column":null}},"35":{"start":{"line":69,"column":4},"end":{"line":69,"column":null}},"36":{"start":{"line":70,"column":4},"end":{"line":70,"column":null}}},"fnMap":{"0":{"name":"setForceFailure","decl":{"start":{"line":9,"column":2},"end":{"line":9,"column":9}},"loc":{"start":{"line":9,"column":42},"end":{"line":11,"column":null}},"line":9},"1":{"name":"seed","decl":{"start":{"line":13,"column":2},"end":{"line":13,"column":9}},"loc":{"start":{"line":13,"column":34},"end":{"line":15,"column":null}},"line":13},"2":{"name":"checkFailure","decl":{"start":{"line":17,"column":2},"end":{"line":17,"column":10}},"loc":{"start":{"line":17,"column":46},"end":{"line":22,"column":null}},"line":17},"3":{"name":"existsByName","decl":{"start":{"line":24,"column":8},"end":{"line":24,"column":21}},"loc":{"start":{"line":24,"column":67},"end":{"line":32,"column":null}},"line":24},"4":{"name":"(anonymous_4)","decl":{"start":{"line":28,"column":56},"end":{"line":28,"column":null}},"loc":{"start":{"line":29,"column":13},"end":{"line":29,"column":null}},"line":29},"5":{"name":"getById","decl":{"start":{"line":34,"column":8},"end":{"line":34,"column":16}},"loc":{"start":{"line":34,"column":66},"end":{"line":40,"column":null}},"line":34},"6":{"name":"list","decl":{"start":{"line":42,"column":8},"end":{"line":42,"column":44}},"loc":{"start":{"line":42,"column":44},"end":{"line":47,"column":null}},"line":42},"7":{"name":"create","decl":{"start":{"line":49,"column":8},"end":{"line":49,"column":15}},"loc":{"start":{"line":49,"column":58},"end":{"line":55,"column":null}},"line":49},"8":{"name":"update","decl":{"start":{"line":57,"column":8},"end":{"line":57,"column":15}},"loc":{"start":{"line":57,"column":58},"end":{"line":63,"column":null}},"line":57},"9":{"name":"delete","decl":{"start":{"line":65,"column":8},"end":{"line":65,"column":15}},"loc":{"start":{"line":65,"column":54},"end":{"line":71,"column":null}},"line":65}},"branchMap":{"0":{"loc":{"start":{"line":18,"column":4},"end":{"line":20,"column":null}},"type":"if","locations":[{"start":{"line":18,"column":4},"end":{"line":20,"column":null}},{"start":{},"end":{}}],"line":18},"1":{"loc":{"start":{"line":26,"column":4},"end":{"line":26,"column":null}},"type":"if","locations":[{"start":{"line":26,"column":4},"end":{"line":26,"column":null}},{"start":{},"end":{}}],"line":26},"2":{"loc":{"start":{"line":36,"column":4},"end":{"line":36,"column":null}},"type":"if","locations":[{"start":{"line":36,"column":4},"end":{"line":36,"column":null}},{"start":{},"end":{}}],"line":36},"3":{"loc":{"start":{"line":38,"column":21},"end":{"line":38,"column":null}},"type":"binary-expr","locations":[{"start":{"line":38,"column":21},"end":{"line":38,"column":54}},{"start":{"line":38,"column":54},"end":{"line":38,"column":null}}],"line":38},"4":{"loc":{"start":{"line":44,"column":4},"end":{"line":44,"column":null}},"type":"if","locations":[{"start":{"line":44,"column":4},"end":{"line":44,"column":null}},{"start":{},"end":{}}],"line":44},"5":{"loc":{"start":{"line":51,"column":4},"end":{"line":51,"column":null}},"type":"if","locations":[{"start":{"line":51,"column":4},"end":{"line":51,"column":null}},{"start":{},"end":{}}],"line":51},"6":{"loc":{"start":{"line":59,"column":4},"end":{"line":59,"column":null}},"type":"if","locations":[{"start":{"line":59,"column":4},"end":{"line":59,"column":null}},{"start":{},"end":{}}],"line":59},"7":{"loc":{"start":{"line":67,"column":4},"end":{"line":67,"column":null}},"type":"if","locations":[{"start":{"line":67,"column":4},"end":{"line":67,"column":null}},{"start":{},"end":{}}],"line":67}},"s":{"0":14,"1":14,"2":4,"3":10,"4":24,"5":4,"6":20,"7":6,"8":6,"9":1,"10":5,"11":3,"12":5,"13":10,"14":10,"15":2,"16":8,"17":10,"18":4,"19":4,"20":1,"21":3,"22":2,"23":2,"24":0,"25":2,"26":2,"27":1,"28":1,"29":0,"30":1,"31":1,"32":1,"33":1,"34":0,"35":1,"36":1},"f":{"0":4,"1":10,"2":24,"3":6,"4":3,"5":10,"6":4,"7":2,"8":1,"9":1},"b":{"0":[4,20],"1":[1,5],"2":[2,8],"3":[8,3],"4":[1,3],"5":[0,2],"6":[0,1],"7":[0,1]},"meta":{"lastBranch":8,"lastFunction":10,"lastStatement":37,"seen":{"s:6:46:6:Infinity":0,"s:7:47:7:Infinity":1,"f:9:2:9:9":0,"s:10:4:10:Infinity":2,"f:13:2:13:9":1,"s:14:4:14:Infinity":3,"f:17:2:17:10":2,"b:18:4:20:Infinity:undefined:undefined:undefined:undefined":0,"s:18:4:20:Infinity":4,"s:19:6:19:Infinity":5,"s:21:4:21:Infinity":6,"f:24:8:24:21":3,"s:25:20:25:Infinity":7,"b:26:4:26:Infinity:undefined:undefined:undefined:undefined":1,"s:26:4:26:Infinity":8,"s:26:17:26:Infinity":9,"s:28:19:30:Infinity":10,"f:28:56:28:Infinity":4,"s:29:13:29:Infinity":11,"s:31:4:31:Infinity":12,"f:34:8:34:16":5,"s:35:20:35:Infinity":13,"b:36:4:36:Infinity:undefined:undefined:undefined:undefined":2,"s:36:4:36:Infinity":14,"s:36:17:36:Infinity":15,"s:38:21:38:Infinity":16,"b:38:21:38:54:38:54:38:Infinity":3,"s:39:4:39:Infinity":17,"f:42:8:42:44":6,"s:43:20:43:Infinity":18,"b:44:4:44:Infinity:undefined:undefined:undefined:undefined":4,"s:44:4:44:Infinity":19,"s:44:17:44:Infinity":20,"s:46:4:46:Infinity":21,"f:49:8:49:15":7,"s:50:20:50:Infinity":22,"b:51:4:51:Infinity:undefined:undefined:undefined:undefined":5,"s:51:4:51:Infinity":23,"s:51:17:51:Infinity":24,"s:53:4:53:Infinity":25,"s:54:4:54:Infinity":26,"f:57:8:57:15":8,"s:58:20:58:Infinity":27,"b:59:4:59:Infinity:undefined:undefined:undefined:undefined":6,"s:59:4:59:Infinity":28,"s:59:17:59:Infinity":29,"s:61:4:61:Infinity":30,"s:62:4:62:Infinity":31,"f:65:8:65:15":9,"s:66:20:66:Infinity":32,"b:67:4:67:Infinity:undefined:undefined:undefined:undefined":7,"s:67:4:67:Infinity":33,"s:67:17:67:Infinity":34,"s:69:4:69:Infinity":35,"s:70:4:70:Infinity":36},"fnNames":{}}}
,"D:\\Projects\\finance_tracker_mobile\\src\\features\\categories\\application\\use-cases\\CreateCategoryUseCase.ts": {"path":"D:\\Projects\\finance_tracker_mobile\\src\\features\\categories\\application\\use-cases\\CreateCategoryUseCase.ts","statementMap":{"0":{"start":{"line":9,"column":31},"end":{"line":9,"column":72}},"1":{"start":{"line":10,"column":4},"end":{"line":10,"column":null}},"2":{"start":{"line":14,"column":4},"end":{"line":36,"column":null}},"3":{"start":{"line":15,"column":25},"end":{"line":15,"column":null}},"4":{"start":{"line":16,"column":27},"end":{"line":16,"column":null}},"5":{"start":{"line":18,"column":27},"end":{"line":18,"column":null}},"6":{"start":{"line":19,"column":6},"end":{"line":21,"column":null}},"7":{"start":{"line":20,"column":8},"end":{"line":20,"column":null}},"8":{"start":{"line":23,"column":6},"end":{"line":27,"column":null}},"9":{"start":{"line":24,"column":8},"end":{"line":26,"column":null}},"10":{"start":{"line":29,"column":23},"end":{"line":33,"column":null}},"11":{"start":{"line":35,"column":6},"end":{"line":35,"column":null}}},"fnMap":{"0":{"name":"constructor","decl":{"start":{"line":9,"column":2},"end":{"line":9,"column":14}},"loc":{"start":{"line":9,"column":72},"end":{"line":11,"column":null}},"line":9},"1":{"name":"execute","decl":{"start":{"line":13,"column":15},"end":{"line":13,"column":23}},"loc":{"start":{"line":13,"column":79},"end":{"line":37,"column":null}},"line":13},"2":{"name":"(anonymous_2)","decl":{"start":{"line":14,"column":26},"end":{"line":14,"column":38}},"loc":{"start":{"line":14,"column":38},"end":{"line":36,"column":5}},"line":14}},"branchMap":{"0":{"loc":{"start":{"line":19,"column":6},"end":{"line":21,"column":null}},"type":"if","locations":[{"start":{"line":19,"column":6},"end":{"line":21,"column":null}},{"start":{},"end":{}}],"line":19},"1":{"loc":{"start":{"line":23,"column":6},"end":{"line":27,"column":null}},"type":"if","locations":[{"start":{"line":23,"column":6},"end":{"line":27,"column":null}},{"start":{},"end":{}}],"line":23}},"s":{"0":3,"1":3,"2":4,"3":4,"4":4,"5":4,"6":4,"7":1,"8":3,"9":1,"10":2,"11":2},"f":{"0":3,"1":4,"2":4},"b":{"0":[1,3],"1":[1,2]},"meta":{"lastBranch":2,"lastFunction":3,"lastStatement":12,"seen":{"f:9:2:9:14":0,"s:9:31:9:72":0,"s:10:4:10:Infinity":1,"f:13:15:13:23":1,"s:14:4:36:Infinity":2,"f:14:26:14:38":2,"s:15:25:15:Infinity":3,"s:16:27:16:Infinity":4,"s:18:27:18:Infinity":5,"b:19:6:21:Infinity:undefined:undefined:undefined:undefined":0,"s:19:6:21:Infinity":6,"s:20:8:20:Infinity":7,"b:23:6:27:Infinity:undefined:undefined:undefined:undefined":1,"s:23:6:27:Infinity":8,"s:24:8:26:Infinity":9,"s:29:23:33:Infinity":10,"s:35:6:35:Infinity":11},"fnNames":{}}}
,"D:\\Projects\\finance_tracker_mobile\\src\\features\\categories\\application\\use-cases\\DeleteCategoryUseCase.ts": {"path":"D:\\Projects\\finance_tracker_mobile\\src\\features\\categories\\application\\use-cases\\DeleteCategoryUseCase.ts","statementMap":{"0":{"start":{"line":8,"column":31},"end":{"line":8,"column":72}},"1":{"start":{"line":9,"column":4},"end":{"line":9,"column":null}},"2":{"start":{"line":13,"column":4},"end":{"line":25,"column":null}},"3":{"start":{"line":14,"column":25},"end":{"line":14,"column":null}},"4":{"start":{"line":16,"column":29},"end":{"line":16,"column":null}},"5":{"start":{"line":17,"column":6},"end":{"line":19,"column":null}},"6":{"start":{"line":18,"column":8},"end":{"line":18,"column":null}},"7":{"start":{"line":20,"column":23},"end":{"line":20,"column":null}},"8":{"start":{"line":22,"column":6},"end":{"line":22,"column":null}},"9":{"start":{"line":24,"column":6},"end":{"line":24,"column":null}}},"fnMap":{"0":{"name":"constructor","decl":{"start":{"line":8,"column":2},"end":{"line":8,"column":14}},"loc":{"start":{"line":8,"column":72},"end":{"line":10,"column":null}},"line":8},"1":{"name":"execute","decl":{"start":{"line":12,"column":15},"end":{"line":12,"column":23}},"loc":{"start":{"line":12,"column":79},"end":{"line":26,"column":null}},"line":12},"2":{"name":"(anonymous_2)","decl":{"start":{"line":13,"column":26},"end":{"line":13,"column":38}},"loc":{"start":{"line":13,"column":38},"end":{"line":25,"column":5}},"line":13}},"branchMap":{"0":{"loc":{"start":{"line":17,"column":6},"end":{"line":19,"column":null}},"type":"if","locations":[{"start":{"line":17,"column":6},"end":{"line":19,"column":null}},{"start":{},"end":{}}],"line":17}},"s":{"0":4,"1":4,"2":4,"3":4,"4":4,"5":4,"6":2,"7":2,"8":2,"9":2},"f":{"0":4,"1":4,"2":4},"b":{"0":[2,2]},"meta":{"lastBranch":1,"lastFunction":3,"lastStatement":10,"seen":{"f:8:2:8:14":0,"s:8:31:8:72":0,"s:9:4:9:Infinity":1,"f:12:15:12:23":1,"s:13:4:25:Infinity":2,"f:13:26:13:38":2,"s:14:25:14:Infinity":3,"s:16:29:16:Infinity":4,"b:17:6:19:Infinity:undefined:undefined:undefined:undefined":0,"s:17:6:19:Infinity":5,"s:18:8:18:Infinity":6,"s:20:23:20:Infinity":7,"s:22:6:22:Infinity":8,"s:24:6:24:Infinity":9},"fnNames":{}}}
,"D:\\Projects\\finance_tracker_mobile\\src\\features\\categories\\application\\use-cases\\ListCategoriesUseCase.ts": {"path":"D:\\Projects\\finance_tracker_mobile\\src\\features\\categories\\application\\use-cases\\ListCategoriesUseCase.ts","statementMap":{"0":{"start":{"line":8,"column":31},"end":{"line":8,"column":72}},"1":{"start":{"line":9,"column":4},"end":{"line":9,"column":null}},"2":{"start":{"line":13,"column":4},"end":{"line":15,"column":null}},"3":{"start":{"line":14,"column":6},"end":{"line":14,"column":null}}},"fnMap":{"0":{"name":"constructor","decl":{"start":{"line":8,"column":2},"end":{"line":8,"column":14}},"loc":{"start":{"line":8,"column":72},"end":{"line":10,"column":null}},"line":8},"1":{"name":"execute","decl":{"start":{"line":12,"column":15},"end":{"line":12,"column":23}},"loc":{"start":{"line":12,"column":91},"end":{"line":16,"column":null}},"line":12},"2":{"name":"(anonymous_2)","decl":{"start":{"line":13,"column":26},"end":{"line":13,"column":38}},"loc":{"start":{"line":13,"column":38},"end":{"line":15,"column":5}},"line":13}},"branchMap":{},"s":{"0":3,"1":3,"2":3,"3":3},"f":{"0":3,"1":3,"2":3},"b":{},"meta":{"lastBranch":0,"lastFunction":3,"lastStatement":4,"seen":{"f:8:2:8:14":0,"s:8:31:8:72":0,"s:9:4:9:Infinity":1,"f:12:15:12:23":1,"s:13:4:15:Infinity":2,"f:13:26:13:38":2,"s:14:6:14:Infinity":3},"fnNames":{}}}
,"D:\\Projects\\finance_tracker_mobile\\src\\features\\categories\\application\\use-cases\\RenameCategoryUseCase.ts": {"path":"D:\\Projects\\finance_tracker_mobile\\src\\features\\categories\\application\\use-cases\\RenameCategoryUseCase.ts","statementMap":{"0":{"start":{"line":9,"column":31},"end":{"line":9,"column":72}},"1":{"start":{"line":10,"column":4},"end":{"line":10,"column":null}},"2":{"start":{"line":14,"column":4},"end":{"line":37,"column":null}},"3":{"start":{"line":15,"column":25},"end":{"line":15,"column":null}},"4":{"start":{"line":16,"column":30},"end":{"line":16,"column":null}},"5":{"start":{"line":18,"column":29},"end":{"line":18,"column":null}},"6":{"start":{"line":19,"column":6},"end":{"line":21,"column":null}},"7":{"start":{"line":20,"column":8},"end":{"line":20,"column":null}},"8":{"start":{"line":22,"column":23},"end":{"line":22,"column":null}},"9":{"start":{"line":24,"column":27},"end":{"line":24,"column":null}},"10":{"start":{"line":25,"column":6},"end":{"line":27,"column":null}},"11":{"start":{"line":26,"column":8},"end":{"line":26,"column":null}},"12":{"start":{"line":29,"column":6},"end":{"line":33,"column":null}},"13":{"start":{"line":30,"column":8},"end":{"line":32,"column":null}},"14":{"start":{"line":35,"column":30},"end":{"line":35,"column":null}},"15":{"start":{"line":36,"column":6},"end":{"line":36,"column":null}}},"fnMap":{"0":{"name":"constructor","decl":{"start":{"line":9,"column":2},"end":{"line":9,"column":14}},"loc":{"start":{"line":9,"column":72},"end":{"line":11,"column":null}},"line":9},"1":{"name":"execute","decl":{"start":{"line":13,"column":15},"end":{"line":13,"column":23}},"loc":{"start":{"line":13,"column":79},"end":{"line":38,"column":null}},"line":13},"2":{"name":"(anonymous_2)","decl":{"start":{"line":14,"column":26},"end":{"line":14,"column":38}},"loc":{"start":{"line":14,"column":38},"end":{"line":37,"column":5}},"line":14}},"branchMap":{"0":{"loc":{"start":{"line":19,"column":6},"end":{"line":21,"column":null}},"type":"if","locations":[{"start":{"line":19,"column":6},"end":{"line":21,"column":null}},{"start":{},"end":{}}],"line":19},"1":{"loc":{"start":{"line":25,"column":6},"end":{"line":27,"column":null}},"type":"if","locations":[{"start":{"line":25,"column":6},"end":{"line":27,"column":null}},{"start":{},"end":{}}],"line":25},"2":{"loc":{"start":{"line":29,"column":6},"end":{"line":33,"column":null}},"type":"if","locations":[{"start":{"line":29,"column":6},"end":{"line":33,"column":null}},{"start":{},"end":{}}],"line":29}},"s":{"0":4,"1":4,"2":4,"3":4,"4":4,"5":4,"6":4,"7":2,"8":2,"9":2,"10":2,"11":0,"12":2,"13":1,"14":1,"15":1},"f":{"0":4,"1":4,"2":4},"b":{"0":[2,2],"1":[0,2],"2":[1,1]},"meta":{"lastBranch":3,"lastFunction":3,"lastStatement":16,"seen":{"f:9:2:9:14":0,"s:9:31:9:72":0,"s:10:4:10:Infinity":1,"f:13:15:13:23":1,"s:14:4:37:Infinity":2,"f:14:26:14:38":2,"s:15:25:15:Infinity":3,"s:16:30:16:Infinity":4,"s:18:29:18:Infinity":5,"b:19:6:21:Infinity:undefined:undefined:undefined:undefined":0,"s:19:6:21:Infinity":6,"s:20:8:20:Infinity":7,"s:22:23:22:Infinity":8,"s:24:27:24:Infinity":9,"b:25:6:27:Infinity:undefined:undefined:undefined:undefined":1,"s:25:6:27:Infinity":10,"s:26:8:26:Infinity":11,"b:29:6:33:Infinity:undefined:undefined:undefined:undefined":2,"s:29:6:33:Infinity":12,"s:30:8:32:Infinity":13,"s:35:30:35:Infinity":14,"s:36:6:36:Infinity":15},"fnNames":{}}}
,"D:\\Projects\\finance_tracker_mobile\\src\\features\\categories\\application\\use-cases\\UseCaseHelpers.ts": {"path":"D:\\Projects\\finance_tracker_mobile\\src\\features\\categories\\application\\use-cases\\UseCaseHelpers.ts","statementMap":{"0":{"start":{"line":9,"column":2},"end":{"line":16,"column":null}},"1":{"start":{"line":10,"column":4},"end":{"line":10,"column":null}},"2":{"start":{"line":12,"column":4},"end":{"line":14,"column":null}},"3":{"start":{"line":13,"column":6},"end":{"line":13,"column":null}},"4":{"start":{"line":15,"column":4},"end":{"line":15,"column":null}},"5":{"start":{"line":23,"column":17},"end":{"line":23,"column":null}},"6":{"start":{"line":25,"column":2},"end":{"line":27,"column":null}},"7":{"start":{"line":26,"column":4},"end":{"line":26,"column":null}},"8":{"start":{"line":29,"column":2},"end":{"line":33,"column":null}},"9":{"start":{"line":30,"column":4},"end":{"line":32,"column":null}},"10":{"start":{"line":35,"column":2},"end":{"line":35,"column":null}}},"fnMap":{"0":{"name":"executeUseCase","decl":{"start":{"line":6,"column":22},"end":{"line":6,"column":null}},"loc":{"start":{"line":8,"column":29},"end":{"line":17,"column":null}},"line":8},"1":{"name":"fetchCategoryOrError","decl":{"start":{"line":19,"column":22},"end":{"line":19,"column":null}},"loc":{"start":{"line":22,"column":36},"end":{"line":36,"column":null}},"line":22}},"branchMap":{"0":{"loc":{"start":{"line":12,"column":4},"end":{"line":14,"column":null}},"type":"if","locations":[{"start":{"line":12,"column":4},"end":{"line":14,"column":null}},{"start":{},"end":{}}],"line":12},"1":{"loc":{"start":{"line":25,"column":2},"end":{"line":27,"column":null}},"type":"if","locations":[{"start":{"line":25,"column":2},"end":{"line":27,"column":null}},{"start":{},"end":{}}],"line":25},"2":{"loc":{"start":{"line":29,"column":2},"end":{"line":33,"column":null}},"type":"if","locations":[{"start":{"line":29,"column":2},"end":{"line":33,"column":null}},{"start":{},"end":{}}],"line":29}},"s":{"0":15,"1":15,"2":1,"3":1,"4":0,"5":8,"6":8,"7":2,"8":6,"9":2,"10":4},"f":{"0":15,"1":8},"b":{"0":[1,0],"1":[2,6],"2":[2,4]},"meta":{"lastBranch":3,"lastFunction":2,"lastStatement":11,"seen":{"f:6:22:6:Infinity":0,"s:9:2:16:Infinity":0,"s:10:4:10:Infinity":1,"b:12:4:14:Infinity:undefined:undefined:undefined:undefined":0,"s:12:4:14:Infinity":2,"s:13:6:13:Infinity":3,"s:15:4:15:Infinity":4,"f:19:22:19:Infinity":1,"s:23:17:23:Infinity":5,"b:25:2:27:Infinity:undefined:undefined:undefined:undefined":1,"s:25:2:27:Infinity":6,"s:26:4:26:Infinity":7,"b:29:2:33:Infinity:undefined:undefined:undefined:undefined":2,"s:29:2:33:Infinity":8,"s:30:4:32:Infinity":9,"s:35:2:35:Infinity":10},"fnNames":{}}}
,"D:\\Projects\\finance_tracker_mobile\\src\\features\\categories\\domain\\index.ts": {"path":"D:\\Projects\\finance_tracker_mobile\\src\\features\\categories\\domain\\index.ts","statementMap":{},"fnMap":{},"branchMap":{},"s":{},"f":{},"b":{},"meta":{"lastBranch":0,"lastFunction":0,"lastStatement":0,"seen":{},"fnNames":{}}}
,"D:\\Projects\\finance_tracker_mobile\\src\\features\\categories\\domain\\entities\\Category.ts": {"path":"D:\\Projects\\finance_tracker_mobile\\src\\features\\categories\\domain\\entities\\Category.ts","statementMap":{"0":{"start":{"line":18,"column":4},"end":{"line":18,"column":null}},"1":{"start":{"line":19,"column":4},"end":{"line":19,"column":null}},"2":{"start":{"line":20,"column":4},"end":{"line":20,"column":null}},"3":{"start":{"line":22,"column":4},"end":{"line":22,"column":null}},"4":{"start":{"line":26,"column":4},"end":{"line":31,"column":null}},"5":{"start":{"line":27,"column":6},"end":{"line":30,"column":null}},"6":{"start":{"line":33,"column":4},"end":{"line":37,"column":null}},"7":{"start":{"line":41,"column":4},"end":{"line":46,"column":null}},"8":{"start":{"line":42,"column":6},"end":{"line":45,"column":null}}},"fnMap":{"0":{"name":"constructor","decl":{"start":{"line":17,"column":2},"end":{"line":17,"column":14}},"loc":{"start":{"line":17,"column":36},"end":{"line":23,"column":null}},"line":17},"1":{"name":"rename","decl":{"start":{"line":25,"column":2},"end":{"line":25,"column":9}},"loc":{"start":{"line":25,"column":49},"end":{"line":38,"column":null}},"line":25},"2":{"name":"validateDeletion","decl":{"start":{"line":40,"column":2},"end":{"line":40,"column":9}},"loc":{"start":{"line":40,"column":34},"end":{"line":47,"column":null}},"line":40}},"branchMap":{"0":{"loc":{"start":{"line":26,"column":4},"end":{"line":31,"column":null}},"type":"if","locations":[{"start":{"line":26,"column":4},"end":{"line":31,"column":null}},{"start":{},"end":{}}],"line":26},"1":{"loc":{"start":{"line":41,"column":4},"end":{"line":46,"column":null}},"type":"if","locations":[{"start":{"line":41,"column":4},"end":{"line":46,"column":null}},{"start":{},"end":{}}],"line":41}},"s":{"0":24,"1":24,"2":24,"3":24,"4":4,"5":2,"6":2,"7":5,"8":3},"f":{"0":24,"1":4,"2":5},"b":{"0":[2,2],"1":[3,2]},"meta":{"lastBranch":2,"lastFunction":3,"lastStatement":9,"seen":{"f:17:2:17:14":0,"s:18:4:18:Infinity":0,"s:19:4:19:Infinity":1,"s:20:4:20:Infinity":2,"s:22:4:22:Infinity":3,"f:25:2:25:9":1,"b:26:4:31:Infinity:undefined:undefined:undefined:undefined":0,"s:26:4:31:Infinity":4,"s:27:6:30:Infinity":5,"s:33:4:37:Infinity":6,"f:40:2:40:9":2,"b:41:4:46:Infinity:undefined:undefined:undefined:undefined":1,"s:41:4:46:Infinity":7,"s:42:6:45:Infinity":8},"fnNames":{}}}
,"D:\\Projects\\finance_tracker_mobile\\src\\features\\categories\\domain\\entities\\index.ts": {"path":"D:\\Projects\\finance_tracker_mobile\\src\\features\\categories\\domain\\entities\\index.ts","statementMap":{},"fnMap":{},"branchMap":{},"s":{},"f":{},"b":{},"meta":{"lastBranch":0,"lastFunction":0,"lastStatement":0,"seen":{},"fnNames":{}}}
,"D:\\Projects\\finance_tracker_mobile\\src\\features\\categories\\domain\\errors\\CategoryDomainError.ts": {"path":"D:\\Projects\\finance_tracker_mobile\\src\\features\\categories\\domain\\errors\\CategoryDomainError.ts","statementMap":{"0":{"start":{"line":9,"column":69},"end":{"line":13,"column":null}},"1":{"start":{"line":21,"column":4},"end":{"line":21,"column":null}},"2":{"start":{"line":23,"column":4},"end":{"line":23,"column":null}},"3":{"start":{"line":25,"column":4},"end":{"line":25,"column":null}},"4":{"start":{"line":26,"column":4},"end":{"line":26,"column":null}}},"fnMap":{"0":{"name":"constructor","decl":{"start":{"line":16,"column":2},"end":{"line":16,"column":null}},"loc":{"start":{"line":20,"column":4},"end":{"line":27,"column":null}},"line":20}},"branchMap":{},"s":{"0":9,"1":12,"2":12,"3":12,"4":12},"f":{"0":12},"b":{},"meta":{"lastBranch":0,"lastFunction":1,"lastStatement":5,"seen":{"s:9:69:13:Infinity":0,"f:16:2:16:Infinity":0,"s:21:4:21:Infinity":1,"s:23:4:23:Infinity":2,"s:25:4:25:Infinity":3,"s:26:4:26:Infinity":4},"fnNames":{}}}
,"D:\\Projects\\finance_tracker_mobile\\src\\features\\categories\\domain\\errors\\index.ts": {"path":"D:\\Projects\\finance_tracker_mobile\\src\\features\\categories\\domain\\errors\\index.ts","statementMap":{},"fnMap":{},"branchMap":{},"s":{},"f":{},"b":{},"meta":{"lastBranch":0,"lastFunction":0,"lastStatement":0,"seen":{},"fnNames":{}}}
,"D:\\Projects\\finance_tracker_mobile\\src\\features\\categories\\domain\\value-objects\\CategoryId.ts": {"path":"D:\\Projects\\finance_tracker_mobile\\src\\features\\categories\\domain\\value-objects\\CategoryId.ts","statementMap":{"0":{"start":{"line":7,"column":20},"end":{"line":7,"column":null}},"1":{"start":{"line":9,"column":4},"end":{"line":14,"column":null}},"2":{"start":{"line":10,"column":6},"end":{"line":13,"column":null}},"3":{"start":{"line":16,"column":4},"end":{"line":16,"column":null}},"4":{"start":{"line":17,"column":4},"end":{"line":17,"column":null}},"5":{"start":{"line":21,"column":4},"end":{"line":21,"column":null}}},"fnMap":{"0":{"name":"constructor","decl":{"start":{"line":6,"column":2},"end":{"line":6,"column":14}},"loc":{"start":{"line":6,"column":29},"end":{"line":18,"column":null}},"line":6},"1":{"name":"equals","decl":{"start":{"line":20,"column":2},"end":{"line":20,"column":9}},"loc":{"start":{"line":20,"column":44},"end":{"line":22,"column":null}},"line":20}},"branchMap":{"0":{"loc":{"start":{"line":9,"column":4},"end":{"line":14,"column":null}},"type":"if","locations":[{"start":{"line":9,"column":4},"end":{"line":14,"column":null}},{"start":{},"end":{}}],"line":9}},"s":{"0":35,"1":35,"2":0,"3":35,"4":35,"5":0},"f":{"0":35,"1":0},"b":{"0":[0,35]},"meta":{"lastBranch":1,"lastFunction":2,"lastStatement":6,"seen":{"f:6:2:6:14":0,"s:7:20:7:Infinity":0,"b:9:4:14:Infinity:undefined:undefined:undefined:undefined":0,"s:9:4:14:Infinity":1,"s:10:6:13:Infinity":2,"s:16:4:16:Infinity":3,"s:17:4:17:Infinity":4,"f:20:2:20:9":1,"s:21:4:21:Infinity":5},"fnNames":{}}}
,"D:\\Projects\\finance_tracker_mobile\\src\\features\\categories\\domain\\value-objects\\CategoryName.ts": {"path":"D:\\Projects\\finance_tracker_mobile\\src\\features\\categories\\domain\\value-objects\\CategoryName.ts","statementMap":{"0":{"start":{"line":7,"column":20},"end":{"line":7,"column":null}},"1":{"start":{"line":9,"column":4},"end":{"line":14,"column":null}},"2":{"start":{"line":10,"column":6},"end":{"line":13,"column":null}},"3":{"start":{"line":16,"column":4},"end":{"line":16,"column":null}},"4":{"start":{"line":17,"column":4},"end":{"line":17,"column":null}},"5":{"start":{"line":21,"column":4},"end":{"line":21,"column":null}}},"fnMap":{"0":{"name":"constructor","decl":{"start":{"line":6,"column":2},"end":{"line":6,"column":14}},"loc":{"start":{"line":6,"column":29},"end":{"line":18,"column":null}},"line":6},"1":{"name":"equals","decl":{"start":{"line":20,"column":2},"end":{"line":20,"column":9}},"loc":{"start":{"line":20,"column":46},"end":{"line":22,"column":null}},"line":20}},"branchMap":{"0":{"loc":{"start":{"line":9,"column":4},"end":{"line":14,"column":null}},"type":"if","locations":[{"start":{"line":9,"column":4},"end":{"line":14,"column":null}},{"start":{},"end":{}}],"line":9}},"s":{"0":33,"1":33,"2":2,"3":31,"4":31,"5":0},"f":{"0":33,"1":0},"b":{"0":[2,31]},"meta":{"lastBranch":1,"lastFunction":2,"lastStatement":6,"seen":{"f:6:2:6:14":0,"s:7:20:7:Infinity":0,"b:9:4:14:Infinity:undefined:undefined:undefined:undefined":0,"s:9:4:14:Infinity":1,"s:10:6:13:Infinity":2,"s:16:4:16:Infinity":3,"s:17:4:17:Infinity":4,"f:20:2:20:9":1,"s:21:4:21:Infinity":5},"fnNames":{}}}
,"D:\\Projects\\finance_tracker_mobile\\src\\features\\categories\\domain\\value-objects\\CategoryType.ts": {"path":"D:\\Projects\\finance_tracker_mobile\\src\\features\\categories\\domain\\value-objects\\CategoryType.ts","statementMap":{"0":{"start":{"line":1,"column":7},"end":{"line":4,"column":null}},"1":{"start":{"line":2,"column":2},"end":{"line":2,"column":null}},"2":{"start":{"line":3,"column":2},"end":{"line":3,"column":null}}},"fnMap":{"0":{"name":"(anonymous_0)","decl":{"start":{"line":1,"column":7},"end":{"line":1,"column":12}},"loc":{"start":{"line":1,"column":7},"end":{"line":4,"column":null}},"line":1}},"branchMap":{},"s":{"0":7,"1":7,"2":7},"f":{"0":7},"b":{},"meta":{"lastBranch":0,"lastFunction":1,"lastStatement":3,"seen":{"s:1:7:4:Infinity":0,"f:1:7:1:12":0,"s:2:2:2:Infinity":1,"s:3:2:3:Infinity":2},"fnNames":{}}}
,"D:\\Projects\\finance_tracker_mobile\\src\\features\\categories\\domain\\value-objects\\index.ts": {"path":"D:\\Projects\\finance_tracker_mobile\\src\\features\\categories\\domain\\value-objects\\index.ts","statementMap":{},"fnMap":{},"branchMap":{},"s":{},"f":{},"b":{},"meta":{"lastBranch":0,"lastFunction":0,"lastStatement":0,"seen":{},"fnNames":{}}}
,"D:\\Projects\\finance_tracker_mobile\\src\\platform\\persistence\\BaseRepository.ts": {"path":"D:\\Projects\\finance_tracker_mobile\\src\\platform\\persistence\\BaseRepository.ts","statementMap":{"0":{"start":{"line":10,"column":4},"end":{"line":10,"column":null}},"1":{"start":{"line":17,"column":4},"end":{"line":19,"column":null}},"2":{"start":{"line":18,"column":6},"end":{"line":18,"column":null}},"3":{"start":{"line":22,"column":28},"end":{"line":27,"column":null}},"4":{"start":{"line":29,"column":4},"end":{"line":29,"column":null}}},"fnMap":{"0":{"name":"constructor","decl":{"start":{"line":9,"column":2},"end":{"line":9,"column":14}},"loc":{"start":{"line":9,"column":49},"end":{"line":11,"column":null}},"line":9},"1":{"name":"handleError","decl":{"start":{"line":16,"column":2},"end":{"line":16,"column":12}},"loc":{"start":{"line":16,"column":117},"end":{"line":30,"column":null}},"line":16}},"branchMap":{"0":{"loc":{"start":{"line":9,"column":14},"end":{"line":9,"column":49}},"type":"default-arg","locations":[{"start":{"line":9,"column":39},"end":{"line":9,"column":49}}],"line":9},"1":{"loc":{"start":{"line":17,"column":4},"end":{"line":19,"column":null}},"type":"if","locations":[{"start":{"line":17,"column":4},"end":{"line":19,"column":null}},{"start":{},"end":{}}],"line":17}},"s":{"0":0,"1":0,"2":0,"3":0,"4":0},"f":{"0":0,"1":0},"b":{"0":[0],"1":[0,0]},"meta":{"lastBranch":2,"lastFunction":2,"lastStatement":5,"seen":{"f:9:2:9:14":0,"b:9:39:9:49":0,"s:10:4:10:Infinity":0,"f:16:2:16:12":1,"b:17:4:19:Infinity:undefined:undefined:undefined:undefined":1,"s:17:4:19:Infinity":1,"s:18:6:18:Infinity":2,"s:22:28:27:Infinity":3,"s:29:4:29:Infinity":4},"fnNames":{}}}
,"D:\\Projects\\finance_tracker_mobile\\src\\platform\\persistence\\Repository.ts": {"path":"D:\\Projects\\finance_tracker_mobile\\src\\platform\\persistence\\Repository.ts","statementMap":{},"fnMap":{},"branchMap":{},"s":{},"f":{},"b":{},"meta":{"lastBranch":0,"lastFunction":0,"lastStatement":0,"seen":{},"fnNames":{}}}
,"D:\\Projects\\finance_tracker_mobile\\src\\platform\\persistence\\Repository.types.ts": {"path":"D:\\Projects\\finance_tracker_mobile\\src\\platform\\persistence\\Repository.types.ts","statementMap":{},"fnMap":{},"branchMap":{},"s":{},"f":{},"b":{},"meta":{"lastBranch":0,"lastFunction":0,"lastStatement":0,"seen":{},"fnNames":{}}}
,"D:\\Projects\\finance_tracker_mobile\\src\\platform\\persistence\\RepositoryError.ts": {"path":"D:\\Projects\\finance_tracker_mobile\\src\\platform\\persistence\\RepositoryError.ts","statementMap":{"0":{"start":{"line":10,"column":71},"end":{"line":15,"column":null}},"1":{"start":{"line":24,"column":21},"end":{"line":24,"column":null}},"2":{"start":{"line":26,"column":4},"end":{"line":26,"column":null}},"3":{"start":{"line":28,"column":4},"end":{"line":28,"column":null}},"4":{"start":{"line":30,"column":4},"end":{"line":30,"column":null}},"5":{"start":{"line":31,"column":4},"end":{"line":31,"column":null}}},"fnMap":{"0":{"name":"constructor","decl":{"start":{"line":18,"column":2},"end":{"line":18,"column":null}},"loc":{"start":{"line":23,"column":4},"end":{"line":32,"column":null}},"line":23}},"branchMap":{},"s":{"0":4,"1":0,"2":0,"3":0,"4":0,"5":0},"f":{"0":0},"b":{},"meta":{"lastBranch":0,"lastFunction":1,"lastStatement":6,"seen":{"s:10:71:15:Infinity":0,"f:18:2:18:Infinity":0,"s:24:21:24:Infinity":1,"s:26:4:26:Infinity":2,"s:28:4:28:Infinity":3,"s:30:4:30:Infinity":4,"s:31:4:31:Infinity":5},"fnNames":{}}}
,"D:\\Projects\\finance_tracker_mobile\\src\\platform\\persistence\\RepositoryResult.ts": {"path":"D:\\Projects\\finance_tracker_mobile\\src\\platform\\persistence\\RepositoryResult.ts","statementMap":{"0":{"start":{"line":5,"column":22},"end":{"line":8,"column":null}},"1":{"start":{"line":6,"column":56},"end":{"line":6,"column":null}},"2":{"start":{"line":7,"column":57},"end":{"line":7,"column":null}}},"fnMap":{"0":{"name":"(anonymous_0)","decl":{"start":{"line":6,"column":2},"end":{"line":6,"column":15}},"loc":{"start":{"line":6,"column":56},"end":{"line":6,"column":null}},"line":6},"1":{"name":"(anonymous_1)","decl":{"start":{"line":7,"column":2},"end":{"line":7,"column":15}},"loc":{"start":{"line":7,"column":57},"end":{"line":7,"column":null}},"line":7}},"branchMap":{},"s":{"0":4,"1":24,"2":9},"f":{"0":24,"1":9},"b":{},"meta":{"lastBranch":0,"lastFunction":2,"lastStatement":3,"seen":{"s:5:22:8:Infinity":0,"f:6:2:6:15":0,"s:6:56:6:Infinity":1,"f:7:2:7:15":1,"s:7:57:7:Infinity":2},"fnNames":{}}}
,"D:\\Projects\\finance_tracker_mobile\\src\\platform\\persistence\\index.ts": {"path":"D:\\Projects\\finance_tracker_mobile\\src\\platform\\persistence\\index.ts","statementMap":{},"fnMap":{},"branchMap":{},"s":{},"f":{},"b":{},"meta":{"lastBranch":0,"lastFunction":0,"lastStatement":0,"seen":{},"fnNames":{}}}
,"D:\\Projects\\finance_tracker_mobile\\src\\platform\\persistence\\categories\\CategoryMapper.ts": {"path":"D:\\Projects\\finance_tracker_mobile\\src\\platform\\persistence\\categories\\CategoryMapper.ts","statementMap":{"0":{"start":{"line":6,"column":4},"end":{"line":10,"column":null}},"1":{"start":{"line":14,"column":4},"end":{"line":18,"column":null}}},"fnMap":{"0":{"name":"toDomain","decl":{"start":{"line":5,"column":16},"end":{"line":5,"column":25}},"loc":{"start":{"line":5,"column":53},"end":{"line":11,"column":null}},"line":5},"1":{"name":"toPersistence","decl":{"start":{"line":13,"column":16},"end":{"line":13,"column":30}},"loc":{"start":{"line":13,"column":61},"end":{"line":19,"column":null}},"line":13}},"branchMap":{},"s":{"0":3,"1":3},"f":{"0":5,"1":5},"b":{},"meta":{"lastBranch":0,"lastFunction":2,"lastStatement":2,"seen":{"f:5:16:5:25":0,"s:6:4:10:Infinity":0,"f:13:16:13:30":1,"s:14:4:18:Infinity":1},"fnNames":{}}}
,"D:\\Projects\\finance_tracker_mobile\\src\\platform\\persistence\\categories\\SupabaseCategoryRepository.ts": {"path":"D:\\Projects\\finance_tracker_mobile\\src\\platform\\persistence\\categories\\SupabaseCategoryRepository.ts","statementMap":{"0":{"start":{"line":10,"column":34},"end":{"line":10,"column":null}},"1":{"start":{"line":13,"column":4},"end":{"line":13,"column":null}},"2":{"start":{"line":14,"column":4},"end":{"line":14,"column":null}},"3":{"start":{"line":18,"column":4},"end":{"line":39,"column":null}},"4":{"start":{"line":19,"column":30},"end":{"line":23,"column":null}},"5":{"start":{"line":25,"column":6},"end":{"line":30,"column":null}},"6":{"start":{"line":26,"column":8},"end":{"line":28,"column":null}},"7":{"start":{"line":27,"column":10},"end":{"line":27,"column":null}},"8":{"start":{"line":29,"column":8},"end":{"line":29,"column":null}},"9":{"start":{"line":32,"column":6},"end":{"line":34,"column":null}},"10":{"start":{"line":33,"column":8},"end":{"line":33,"column":null}},"11":{"start":{"line":36,"column":6},"end":{"line":36,"column":null}},"12":{"start":{"line":38,"column":6},"end":{"line":38,"column":null}},"13":{"start":{"line":43,"column":4},"end":{"line":57,"column":null}},"14":{"start":{"line":44,"column":30},"end":{"line":47,"column":null}},"15":{"start":{"line":49,"column":6},"end":{"line":51,"column":null}},"16":{"start":{"line":50,"column":8},"end":{"line":50,"column":null}},"17":{"start":{"line":53,"column":26},"end":{"line":53,"column":null}},"18":{"start":{"line":54,"column":6},"end":{"line":54,"column":null}},"19":{"start":{"line":56,"column":6},"end":{"line":56,"column":null}},"20":{"start":{"line":61,"column":4},"end":{"line":74,"column":null}},"21":{"start":{"line":62,"column":18},"end":{"line":62,"column":null}},"22":{"start":{"line":63,"column":24},"end":{"line":65,"column":null}},"23":{"start":{"line":67,"column":6},"end":{"line":69,"column":null}},"24":{"start":{"line":68,"column":8},"end":{"line":68,"column":null}},"25":{"start":{"line":71,"column":6},"end":{"line":71,"column":null}},"26":{"start":{"line":73,"column":6},"end":{"line":73,"column":null}},"27":{"start":{"line":78,"column":4},"end":{"line":92,"column":null}},"28":{"start":{"line":79,"column":18},"end":{"line":79,"column":null}},"29":{"start":{"line":80,"column":24},"end":{"line":83,"column":null}},"30":{"start":{"line":85,"column":6},"end":{"line":87,"column":null}},"31":{"start":{"line":86,"column":8},"end":{"line":86,"column":null}},"32":{"start":{"line":89,"column":6},"end":{"line":89,"column":null}},"33":{"start":{"line":91,"column":6},"end":{"line":91,"column":null}},"34":{"start":{"line":96,"column":4},"end":{"line":109,"column":null}},"35":{"start":{"line":97,"column":24},"end":{"line":100,"column":null}},"36":{"start":{"line":102,"column":6},"end":{"line":104,"column":null}},"37":{"start":{"line":103,"column":8},"end":{"line":103,"column":null}},"38":{"start":{"line":106,"column":6},"end":{"line":106,"column":null}},"39":{"start":{"line":108,"column":6},"end":{"line":108,"column":null}},"40":{"start":{"line":113,"column":4},"end":{"line":126,"column":null}},"41":{"start":{"line":114,"column":31},"end":{"line":117,"column":null}},"42":{"start":{"line":119,"column":6},"end":{"line":121,"column":null}},"43":{"start":{"line":120,"column":8},"end":{"line":120,"column":null}},"44":{"start":{"line":123,"column":6},"end":{"line":123,"column":null}},"45":{"start":{"line":125,"column":6},"end":{"line":125,"column":null}}},"fnMap":{"0":{"name":"constructor","decl":{"start":{"line":12,"column":2},"end":{"line":12,"column":14}},"loc":{"start":{"line":12,"column":49},"end":{"line":15,"column":null}},"line":12},"1":{"name":"getById","decl":{"start":{"line":17,"column":15},"end":{"line":17,"column":23}},"loc":{"start":{"line":17,"column":100},"end":{"line":40,"column":null}},"line":17},"2":{"name":"list","decl":{"start":{"line":42,"column":15},"end":{"line":42,"column":78}},"loc":{"start":{"line":42,"column":78},"end":{"line":58,"column":null}},"line":42},"3":{"name":"create","decl":{"start":{"line":60,"column":15},"end":{"line":60,"column":22}},"loc":{"start":{"line":60,"column":92},"end":{"line":75,"column":null}},"line":60},"4":{"name":"update","decl":{"start":{"line":77,"column":15},"end":{"line":77,"column":22}},"loc":{"start":{"line":77,"column":92},"end":{"line":93,"column":null}},"line":77},"5":{"name":"delete","decl":{"start":{"line":95,"column":15},"end":{"line":95,"column":22}},"loc":{"start":{"line":95,"column":88},"end":{"line":110,"column":null}},"line":95},"6":{"name":"existsByName","decl":{"start":{"line":112,"column":15},"end":{"line":112,"column":28}},"loc":{"start":{"line":112,"column":101},"end":{"line":127,"column":null}},"line":112}},"branchMap":{"0":{"loc":{"start":{"line":12,"column":14},"end":{"line":12,"column":49}},"type":"default-arg","locations":[{"start":{"line":12,"column":39},"end":{"line":12,"column":49}}],"line":12},"1":{"loc":{"start":{"line":25,"column":6},"end":{"line":30,"column":null}},"type":"if","locations":[{"start":{"line":25,"column":6},"end":{"line":30,"column":null}},{"start":{},"end":{}}],"line":25},"2":{"loc":{"start":{"line":26,"column":8},"end":{"line":28,"column":null}},"type":"if","locations":[{"start":{"line":26,"column":8},"end":{"line":28,"column":null}},{"start":{},"end":{}}],"line":26},"3":{"loc":{"start":{"line":32,"column":6},"end":{"line":34,"column":null}},"type":"if","locations":[{"start":{"line":32,"column":6},"end":{"line":34,"column":null}},{"start":{},"end":{}}],"line":32},"4":{"loc":{"start":{"line":49,"column":6},"end":{"line":51,"column":null}},"type":"if","locations":[{"start":{"line":49,"column":6},"end":{"line":51,"column":null}},{"start":{},"end":{}}],"line":49},"5":{"loc":{"start":{"line":67,"column":6},"end":{"line":69,"column":null}},"type":"if","locations":[{"start":{"line":67,"column":6},"end":{"line":69,"column":null}},{"start":{},"end":{}}],"line":67},"6":{"loc":{"start":{"line":85,"column":6},"end":{"line":87,"column":null}},"type":"if","locations":[{"start":{"line":85,"column":6},"end":{"line":87,"column":null}},{"start":{},"end":{}}],"line":85},"7":{"loc":{"start":{"line":102,"column":6},"end":{"line":104,"column":null}},"type":"if","locations":[{"start":{"line":102,"column":6},"end":{"line":104,"column":null}},{"start":{},"end":{}}],"line":102},"8":{"loc":{"start":{"line":119,"column":6},"end":{"line":121,"column":null}},"type":"if","locations":[{"start":{"line":119,"column":6},"end":{"line":121,"column":null}},{"start":{},"end":{}}],"line":119},"9":{"loc":{"start":{"line":123,"column":29},"end":{"line":123,"column":43}},"type":"binary-expr","locations":[{"start":{"line":123,"column":29},"end":{"line":123,"column":38}},{"start":{"line":123,"column":38},"end":{"line":123,"column":43}}],"line":123}},"s":{"0":4,"1":0,"2":0,"3":0,"4":0,"5":0,"6":0,"7":0,"8":0,"9":0,"10":0,"11":0,"12":0,"13":0,"14":0,"15":0,"16":0,"17":0,"18":0,"19":0,"20":0,"21":0,"22":0,"23":0,"24":0,"25":0,"26":0,"27":0,"28":0,"29":0,"30":0,"31":0,"32":0,"33":0,"34":0,"35":0,"36":0,"37":0,"38":0,"39":0,"40":0,"41":0,"42":0,"43":0,"44":0,"45":0},"f":{"0":0,"1":0,"2":0,"3":0,"4":0,"5":0,"6":0},"b":{"0":[0],"1":[0,0],"2":[0,0],"3":[0,0],"4":[0,0],"5":[0,0],"6":[0,0],"7":[0,0],"8":[0,0],"9":[0,0]},"meta":{"lastBranch":10,"lastFunction":7,"lastStatement":46,"seen":{"s:10:34:10:Infinity":0,"f:12:2:12:14":0,"b:12:39:12:49":0,"s:13:4:13:Infinity":1,"s:14:4:14:Infinity":2,"f:17:15:17:23":1,"s:18:4:39:Infinity":3,"s:19:30:23:Infinity":4,"b:25:6:30:Infinity:undefined:undefined:undefined:undefined":1,"s:25:6:30:Infinity":5,"b:26:8:28:Infinity:undefined:undefined:undefined:undefined":2,"s:26:8:28:Infinity":6,"s:27:10:27:Infinity":7,"s:29:8:29:Infinity":8,"b:32:6:34:Infinity:undefined:undefined:undefined:undefined":3,"s:32:6:34:Infinity":9,"s:33:8:33:Infinity":10,"s:36:6:36:Infinity":11,"s:38:6:38:Infinity":12,"f:42:15:42:78":2,"s:43:4:57:Infinity":13,"s:44:30:47:Infinity":14,"b:49:6:51:Infinity:undefined:undefined:undefined:undefined":4,"s:49:6:51:Infinity":15,"s:50:8:50:Infinity":16,"s:53:26:53:Infinity":17,"s:54:6:54:Infinity":18,"s:56:6:56:Infinity":19,"f:60:15:60:22":3,"s:61:4:74:Infinity":20,"s:62:18:62:Infinity":21,"s:63:24:65:Infinity":22,"b:67:6:69:Infinity:undefined:undefined:undefined:undefined":5,"s:67:6:69:Infinity":23,"s:68:8:68:Infinity":24,"s:71:6:71:Infinity":25,"s:73:6:73:Infinity":26,"f:77:15:77:22":4,"s:78:4:92:Infinity":27,"s:79:18:79:Infinity":28,"s:80:24:83:Infinity":29,"b:85:6:87:Infinity:undefined:undefined:undefined:undefined":6,"s:85:6:87:Infinity":30,"s:86:8:86:Infinity":31,"s:89:6:89:Infinity":32,"s:91:6:91:Infinity":33,"f:95:15:95:22":5,"s:96:4:109:Infinity":34,"s:97:24:100:Infinity":35,"b:102:6:104:Infinity:undefined:undefined:undefined:undefined":7,"s:102:6:104:Infinity":36,"s:103:8:103:Infinity":37,"s:106:6:106:Infinity":38,"s:108:6:108:Infinity":39,"f:112:15:112:28":6,"s:113:4:126:Infinity":40,"s:114:31:117:Infinity":41,"b:119:6:121:Infinity:undefined:undefined:undefined:undefined":8,"s:119:6:121:Infinity":42,"s:120:8:120:Infinity":43,"s:123:6:123:Infinity":44,"b:123:29:123:38:123:38:123:43":9,"s:125:6:125:Infinity":45},"fnNames":{}}}
,"D:\\Projects\\finance_tracker_mobile\\src\\platform\\persistence\\categories\\index.ts": {"path":"D:\\Projects\\finance_tracker_mobile\\src\\platform\\persistence\\categories\\index.ts","statementMap":{},"fnMap":{},"branchMap":{},"s":{},"f":{},"b":{},"meta":{"lastBranch":0,"lastFunction":0,"lastStatement":0,"seen":{},"fnNames":{}}}
}
